running egg_info
writing ../../build/my_tcp_sender/my_tcp_sender.egg-info/PKG-INFO
writing dependency_links to ../../build/my_tcp_sender/my_tcp_sender.egg-info/dependency_links.txt
writing entry points to ../../build/my_tcp_sender/my_tcp_sender.egg-info/entry_points.txt
writing requirements to ../../build/my_tcp_sender/my_tcp_sender.egg-info/requires.txt
writing top-level names to ../../build/my_tcp_sender/my_tcp_sender.egg-info/top_level.txt
reading manifest file '../../build/my_tcp_sender/my_tcp_sender.egg-info/SOURCES.txt'
writing manifest file '../../build/my_tcp_sender/my_tcp_sender.egg-info/SOURCES.txt'
running build
running build_py
copying my_tcp_sender/__init__.py -> /home/samar/my_workspace/build/my_tcp_sender/build/lib/my_tcp_sender
copying my_tcp_sender/tcp_sender_node.py -> /home/samar/my_workspace/build/my_tcp_sender/build/lib/my_tcp_sender
running install
running install_lib
copying /home/samar/my_workspace/build/my_tcp_sender/build/lib/my_tcp_sender/tcp_sender_node.py -> /home/samar/my_workspace/install/my_tcp_sender/lib/python3.10/site-packages/my_tcp_sender
byte-compiling /home/samar/my_workspace/install/my_tcp_sender/lib/python3.10/site-packages/my_tcp_sender/tcp_sender_node.py to tcp_sender_node.cpython-310.pyc
running install_egg_info
removing '/home/samar/my_workspace/install/my_tcp_sender/lib/python3.10/site-packages/my_tcp_sender-0.0.1-py3.10.egg-info' (and everything under it)
Copying ../../build/my_tcp_sender/my_tcp_sender.egg-info to /home/samar/my_workspace/install/my_tcp_sender/lib/python3.10/site-packages/my_tcp_sender-0.0.1-py3.10.egg-info
running install_scripts
Installing tcp_sender_node script to /home/samar/my_workspace/install/my_tcp_sender/lib/my_tcp_sender
writing list of installed files to '/home/samar/my_workspace/build/my_tcp_sender/install.log'
